[debug] [2025-08-06T01:04:09.865Z] ----------------------------------------------------------------------
[debug] [2025-08-06T01:04:09.867Z] Command:       C:\Program Files\nodejs\node.exe C:\Users\kairp\AppData\Roaming\npm\node_modules\firebase-tools\lib\bin\firebase.js init
[debug] [2025-08-06T01:04:09.868Z] CLI Version:   14.11.2
[debug] [2025-08-06T01:04:09.868Z] Platform:      win32
[debug] [2025-08-06T01:04:09.868Z] Node Version:  v22.17.1
[debug] [2025-08-06T01:04:09.868Z] Time:          Tue Aug 05 2025 18:04:09 GMT-0700 (Mountain Standard Time)
[debug] [2025-08-06T01:04:09.868Z] ----------------------------------------------------------------------
[debug] 
[debug] [2025-08-06T01:04:09.872Z] > command requires scopes: ["email","openid","https://www.googleapis.com/auth/cloudplatformprojects.readonly","https://www.googleapis.com/auth/firebase","https://www.googleapis.com/auth/cloud-platform"]
[debug] [2025-08-06T01:04:09.872Z] > authorizing via signed-in user (kai.r.patel@gmail.com)
[info] 
     ######## #### ########  ######## ########     ###     ######  ########
     ##        ##  ##     ## ##       ##     ##  ##   ##  ##       ##
     ######    ##  ########  ######   ########  #########  ######  ######
     ##        ##  ##    ##  ##       ##     ## ##     ##       ## ##
     ##       #### ##     ## ######## ########  ##     ##  ######  ########

You're about to initialize a Firebase project in this directory:

  C:\Users\kairp\MinorTask

[info] 
=== Project Setup
[info] 
[info] First, let's associate this project directory with a Firebase project.
[info] You can create multiple project aliases by running firebase use --add, 
[info] but for now we'll just set up a default project.
[info] 
[debug] [2025-08-06T01:05:40.915Z] Checked if tokens are valid: true, expires at: 1754445833022
[debug] [2025-08-06T01:05:40.915Z] Checked if tokens are valid: true, expires at: 1754445833022
[debug] [2025-08-06T01:05:40.916Z] >>> [apiv2][query] GET https://firebase.googleapis.com/v1beta1/projects pageSize=100
[debug] [2025-08-06T01:05:41.184Z] <<< [apiv2][status] GET https://firebase.googleapis.com/v1beta1/projects 200
[debug] [2025-08-06T01:05:41.184Z] <<< [apiv2][body] GET https://firebase.googleapis.com/v1beta1/projects [omitted]
[info] i  Using project minortask-1be8e (MinorTask) 
[info] 
=== Functions Setup
[debug] [2025-08-06T01:05:46.312Z] > command requires scopes: ["email","openid","https://www.googleapis.com/auth/cloudplatformprojects.readonly","https://www.googleapis.com/auth/firebase","https://www.googleapis.com/auth/cloud-platform"]
[debug] [2025-08-06T01:05:46.313Z] > authorizing via signed-in user (kai.r.patel@gmail.com)
[debug] [2025-08-06T01:05:46.313Z] [iam] checking project minortask-1be8e for permissions ["firebase.projects.get"]
[debug] [2025-08-06T01:05:46.313Z] Checked if tokens are valid: true, expires at: 1754445833022
[debug] [2025-08-06T01:05:46.313Z] Checked if tokens are valid: true, expires at: 1754445833022
[debug] [2025-08-06T01:05:46.313Z] >>> [apiv2][query] POST https://cloudresourcemanager.googleapis.com/v1/projects/minortask-1be8e:testIamPermissions [none]
[debug] [2025-08-06T01:05:46.313Z] >>> [apiv2][(partial)header] POST https://cloudresourcemanager.googleapis.com/v1/projects/minortask-1be8e:testIamPermissions x-goog-quota-user=projects/minortask-1be8e
[debug] [2025-08-06T01:05:46.313Z] >>> [apiv2][body] POST https://cloudresourcemanager.googleapis.com/v1/projects/minortask-1be8e:testIamPermissions {"permissions":["firebase.projects.get"]}
[debug] [2025-08-06T01:05:46.590Z] <<< [apiv2][status] POST https://cloudresourcemanager.googleapis.com/v1/projects/minortask-1be8e:testIamPermissions 200
[debug] [2025-08-06T01:05:46.590Z] <<< [apiv2][body] POST https://cloudresourcemanager.googleapis.com/v1/projects/minortask-1be8e:testIamPermissions {"permissions":["firebase.projects.get"]}
[debug] [2025-08-06T01:05:46.590Z] Checked if tokens are valid: true, expires at: 1754445833022
[debug] [2025-08-06T01:05:46.590Z] Checked if tokens are valid: true, expires at: 1754445833022
[debug] [2025-08-06T01:05:46.591Z] Checked if tokens are valid: true, expires at: 1754445833022
[debug] [2025-08-06T01:05:46.591Z] Checked if tokens are valid: true, expires at: 1754445833022
[debug] [2025-08-06T01:05:46.591Z] >>> [apiv2][query] GET https://serviceusage.googleapis.com/v1/projects/minortask-1be8e/services/cloudfunctions.googleapis.com [none]
[debug] [2025-08-06T01:05:46.591Z] >>> [apiv2][(partial)header] GET https://serviceusage.googleapis.com/v1/projects/minortask-1be8e/services/cloudfunctions.googleapis.com x-goog-quota-user=projects/minortask-1be8e
[debug] [2025-08-06T01:05:46.592Z] >>> [apiv2][query] GET https://serviceusage.googleapis.com/v1/projects/minortask-1be8e/services/runtimeconfig.googleapis.com [none]
[debug] [2025-08-06T01:05:46.592Z] >>> [apiv2][(partial)header] GET https://serviceusage.googleapis.com/v1/projects/minortask-1be8e/services/runtimeconfig.googleapis.com x-goog-quota-user=projects/minortask-1be8e
[debug] [2025-08-06T01:05:46.923Z] <<< [apiv2][status] GET https://serviceusage.googleapis.com/v1/projects/minortask-1be8e/services/runtimeconfig.googleapis.com 200
[debug] [2025-08-06T01:05:46.923Z] <<< [apiv2][body] GET https://serviceusage.googleapis.com/v1/projects/minortask-1be8e/services/runtimeconfig.googleapis.com [omitted]
[debug] [2025-08-06T01:05:46.934Z] <<< [apiv2][status] GET https://serviceusage.googleapis.com/v1/projects/minortask-1be8e/services/cloudfunctions.googleapis.com 200
[debug] [2025-08-06T01:05:46.934Z] <<< [apiv2][body] GET https://serviceusage.googleapis.com/v1/projects/minortask-1be8e/services/cloudfunctions.googleapis.com [omitted]
[debug] [2025-08-06T01:05:46.934Z] Checked if tokens are valid: true, expires at: 1754445833022
[debug] [2025-08-06T01:05:46.934Z] Checked if tokens are valid: true, expires at: 1754445833022
[debug] [2025-08-06T01:05:46.934Z] >>> [apiv2][query] POST https://serviceusage.googleapis.com/v1/projects/minortask-1be8e/services/cloudfunctions.googleapis.com:enable [none]
[debug] [2025-08-06T01:05:46.934Z] >>> [apiv2][(partial)header] POST https://serviceusage.googleapis.com/v1/projects/minortask-1be8e/services/cloudfunctions.googleapis.com:enable x-goog-quota-user=projects/minortask-1be8e
[debug] [2025-08-06T01:05:47.278Z] <<< [apiv2][status] POST https://serviceusage.googleapis.com/v1/projects/minortask-1be8e/services/cloudfunctions.googleapis.com:enable 200
[debug] [2025-08-06T01:05:47.278Z] <<< [apiv2][body] POST https://serviceusage.googleapis.com/v1/projects/minortask-1be8e/services/cloudfunctions.googleapis.com:enable [omitted]
[info] Let's create a new codebase for your functions.
[info] A directory corresponding to the codebase will be created in your project
[info] with sample code pre-configured.

[info] See https://firebase.google.com/docs/functions/organize-functions for
[info] more information on organizing your functions using codebases.

[info] Functions can be deployed with firebase deploy.

[info] +  Wrote functions/package.json 
[info] +  Wrote functions/.eslintrc.js 
[info] +  Wrote functions/tsconfig.dev.json 
[info] +  Wrote functions/tsconfig.json 
[info] +  Wrote functions/src/index.ts 
[info] +  Wrote functions/.gitignore 
[info] 
=== App Hosting Setup
[debug] [2025-08-06T01:07:33.429Z] Checked if tokens are valid: true, expires at: 1754445833022
[debug] [2025-08-06T01:07:33.429Z] Checked if tokens are valid: true, expires at: 1754445833022
[debug] [2025-08-06T01:07:33.430Z] >>> [apiv2][query] GET https://cloudbilling.googleapis.com/v1/projects/minortask-1be8e/billingInfo [none]
[debug] [2025-08-06T01:07:33.603Z] <<< [apiv2][status] GET https://cloudbilling.googleapis.com/v1/projects/minortask-1be8e/billingInfo 200
[debug] [2025-08-06T01:07:33.603Z] <<< [apiv2][body] GET https://cloudbilling.googleapis.com/v1/projects/minortask-1be8e/billingInfo {"name":"projects/minortask-1be8e/billingInfo","projectId":"minortask-1be8e","billingAccountName":"billingAccounts/01BA72-6120CC-109FCD","billingEnabled":true}
[debug] [2025-08-06T01:07:33.604Z] Checked if tokens are valid: true, expires at: 1754445833022
[debug] [2025-08-06T01:07:33.604Z] Checked if tokens are valid: true, expires at: 1754445833022
[debug] [2025-08-06T01:07:33.604Z] >>> [apiv2][query] GET https://serviceusage.googleapis.com/v1/projects/minortask-1be8e/services/firebaseapphosting.googleapis.com [none]
[debug] [2025-08-06T01:07:33.604Z] >>> [apiv2][(partial)header] GET https://serviceusage.googleapis.com/v1/projects/minortask-1be8e/services/firebaseapphosting.googleapis.com x-goog-quota-user=projects/minortask-1be8e
[debug] [2025-08-06T01:07:33.906Z] <<< [apiv2][status] GET https://serviceusage.googleapis.com/v1/projects/minortask-1be8e/services/firebaseapphosting.googleapis.com 200
[debug] [2025-08-06T01:07:33.906Z] <<< [apiv2][body] GET https://serviceusage.googleapis.com/v1/projects/minortask-1be8e/services/firebaseapphosting.googleapis.com [omitted]
[debug] [2025-08-06T01:07:33.910Z] Checked if tokens are valid: true, expires at: 1754445833022
[debug] [2025-08-06T01:07:33.910Z] Checked if tokens are valid: true, expires at: 1754445833022
[debug] [2025-08-06T01:07:33.911Z] Checked if tokens are valid: true, expires at: 1754445833022
[debug] [2025-08-06T01:07:33.911Z] Checked if tokens are valid: true, expires at: 1754445833022
[debug] [2025-08-06T01:07:33.911Z] Checked if tokens are valid: true, expires at: 1754445833022
[debug] [2025-08-06T01:07:33.911Z] Checked if tokens are valid: true, expires at: 1754445833022
[debug] [2025-08-06T01:07:33.911Z] Checked if tokens are valid: true, expires at: 1754445833022
[debug] [2025-08-06T01:07:33.911Z] Checked if tokens are valid: true, expires at: 1754445833022
[debug] [2025-08-06T01:07:33.911Z] Checked if tokens are valid: true, expires at: 1754445833022
[debug] [2025-08-06T01:07:33.911Z] Checked if tokens are valid: true, expires at: 1754445833022
[debug] [2025-08-06T01:07:33.912Z] Checked if tokens are valid: true, expires at: 1754445833022
[debug] [2025-08-06T01:07:33.912Z] Checked if tokens are valid: true, expires at: 1754445833022
[debug] [2025-08-06T01:07:33.912Z] >>> [apiv2][query] GET https://serviceusage.googleapis.com/v1/projects/minortask-1be8e/services/developerconnect.googleapis.com [none]
[debug] [2025-08-06T01:07:33.912Z] >>> [apiv2][(partial)header] GET https://serviceusage.googleapis.com/v1/projects/minortask-1be8e/services/developerconnect.googleapis.com x-goog-quota-user=projects/minortask-1be8e
[debug] [2025-08-06T01:07:33.912Z] >>> [apiv2][query] GET https://serviceusage.googleapis.com/v1/projects/minortask-1be8e/services/cloudbuild.googleapis.com [none]
[debug] [2025-08-06T01:07:33.912Z] >>> [apiv2][(partial)header] GET https://serviceusage.googleapis.com/v1/projects/minortask-1be8e/services/cloudbuild.googleapis.com x-goog-quota-user=projects/minortask-1be8e
[debug] [2025-08-06T01:07:33.914Z] >>> [apiv2][query] GET https://serviceusage.googleapis.com/v1/projects/minortask-1be8e/services/secretmanager.googleapis.com [none]
[debug] [2025-08-06T01:07:33.914Z] >>> [apiv2][(partial)header] GET https://serviceusage.googleapis.com/v1/projects/minortask-1be8e/services/secretmanager.googleapis.com x-goog-quota-user=projects/minortask-1be8e
[debug] [2025-08-06T01:07:33.915Z] >>> [apiv2][query] GET https://serviceusage.googleapis.com/v1/projects/minortask-1be8e/services/run.googleapis.com [none]
[debug] [2025-08-06T01:07:33.915Z] >>> [apiv2][(partial)header] GET https://serviceusage.googleapis.com/v1/projects/minortask-1be8e/services/run.googleapis.com x-goog-quota-user=projects/minortask-1be8e
[debug] [2025-08-06T01:07:33.916Z] >>> [apiv2][query] GET https://serviceusage.googleapis.com/v1/projects/minortask-1be8e/services/artifactregistry.googleapis.com [none]
[debug] [2025-08-06T01:07:33.916Z] >>> [apiv2][(partial)header] GET https://serviceusage.googleapis.com/v1/projects/minortask-1be8e/services/artifactregistry.googleapis.com x-goog-quota-user=projects/minortask-1be8e
[debug] [2025-08-06T01:07:33.917Z] >>> [apiv2][query] GET https://serviceusage.googleapis.com/v1/projects/minortask-1be8e/services/iam.googleapis.com [none]
[debug] [2025-08-06T01:07:33.917Z] >>> [apiv2][(partial)header] GET https://serviceusage.googleapis.com/v1/projects/minortask-1be8e/services/iam.googleapis.com x-goog-quota-user=projects/minortask-1be8e
[debug] [2025-08-06T01:07:34.052Z] <<< [apiv2][status] GET https://serviceusage.googleapis.com/v1/projects/minortask-1be8e/services/developerconnect.googleapis.com 200
[debug] [2025-08-06T01:07:34.052Z] <<< [apiv2][body] GET https://serviceusage.googleapis.com/v1/projects/minortask-1be8e/services/developerconnect.googleapis.com [omitted]
[debug] [2025-08-06T01:07:34.359Z] <<< [apiv2][status] GET https://serviceusage.googleapis.com/v1/projects/minortask-1be8e/services/secretmanager.googleapis.com 200
[debug] [2025-08-06T01:07:34.359Z] <<< [apiv2][body] GET https://serviceusage.googleapis.com/v1/projects/minortask-1be8e/services/secretmanager.googleapis.com [omitted]
[debug] [2025-08-06T01:07:34.365Z] <<< [apiv2][status] GET https://serviceusage.googleapis.com/v1/projects/minortask-1be8e/services/run.googleapis.com 200
[debug] [2025-08-06T01:07:34.365Z] <<< [apiv2][body] GET https://serviceusage.googleapis.com/v1/projects/minortask-1be8e/services/run.googleapis.com [omitted]
[debug] [2025-08-06T01:07:34.370Z] <<< [apiv2][status] GET https://serviceusage.googleapis.com/v1/projects/minortask-1be8e/services/iam.googleapis.com 200
[debug] [2025-08-06T01:07:34.370Z] <<< [apiv2][body] GET https://serviceusage.googleapis.com/v1/projects/minortask-1be8e/services/iam.googleapis.com [omitted]
[debug] [2025-08-06T01:07:34.375Z] <<< [apiv2][status] GET https://serviceusage.googleapis.com/v1/projects/minortask-1be8e/services/artifactregistry.googleapis.com 200
[debug] [2025-08-06T01:07:34.375Z] <<< [apiv2][body] GET https://serviceusage.googleapis.com/v1/projects/minortask-1be8e/services/artifactregistry.googleapis.com [omitted]
[debug] [2025-08-06T01:07:34.379Z] <<< [apiv2][status] GET https://serviceusage.googleapis.com/v1/projects/minortask-1be8e/services/cloudbuild.googleapis.com 200
[debug] [2025-08-06T01:07:34.379Z] <<< [apiv2][body] GET https://serviceusage.googleapis.com/v1/projects/minortask-1be8e/services/cloudbuild.googleapis.com [omitted]
[debug] [2025-08-06T01:07:34.383Z] Checked if tokens are valid: true, expires at: 1754445833022
[debug] [2025-08-06T01:07:34.383Z] Checked if tokens are valid: true, expires at: 1754445833022
[debug] [2025-08-06T01:07:34.384Z] >>> [apiv2][query] POST https://iam.googleapis.com/v1/projects/minortask-1be8e/serviceAccounts/firebase-app-hosting-compute@minortask-1be8e.iam.gserviceaccount.com:testIamPermissions [none]
[debug] [2025-08-06T01:07:34.384Z] >>> [apiv2][(partial)header] POST https://iam.googleapis.com/v1/projects/minortask-1be8e/serviceAccounts/firebase-app-hosting-compute@minortask-1be8e.iam.gserviceaccount.com:testIamPermissions x-goog-quota-user=projects/minortask-1be8e
[debug] [2025-08-06T01:07:34.384Z] >>> [apiv2][body] POST https://iam.googleapis.com/v1/projects/minortask-1be8e/serviceAccounts/firebase-app-hosting-compute@minortask-1be8e.iam.gserviceaccount.com:testIamPermissions {"permissions":["iam.serviceAccounts.actAs"]}
[debug] [2025-08-06T01:07:34.529Z] <<< [apiv2][status] POST https://iam.googleapis.com/v1/projects/minortask-1be8e/serviceAccounts/firebase-app-hosting-compute@minortask-1be8e.iam.gserviceaccount.com:testIamPermissions 200
[debug] [2025-08-06T01:07:34.529Z] <<< [apiv2][body] POST https://iam.googleapis.com/v1/projects/minortask-1be8e/serviceAccounts/firebase-app-hosting-compute@minortask-1be8e.iam.gserviceaccount.com:testIamPermissions {"permissions":["iam.serviceAccounts.actAs"]}
[debug] [2025-08-06T01:07:34.529Z] Checked if tokens are valid: true, expires at: 1754445833022
[debug] [2025-08-06T01:07:34.529Z] Checked if tokens are valid: true, expires at: 1754445833022
[debug] [2025-08-06T01:07:34.529Z] >>> [apiv2][query] POST https://iam.googleapis.com/v1/projects/minortask-1be8e/serviceAccounts [none]
[debug] [2025-08-06T01:07:34.529Z] >>> [apiv2][body] POST https://iam.googleapis.com/v1/projects/minortask-1be8e/serviceAccounts {"accountId":"firebase-app-hosting-compute","serviceAccount":{"displayName":"Firebase App Hosting compute service account","description":"Default service account used to run builds and deploys for Firebase App Hosting"}}
[debug] [2025-08-06T01:07:34.873Z] <<< [apiv2][status] POST https://iam.googleapis.com/v1/projects/minortask-1be8e/serviceAccounts 409
[debug] [2025-08-06T01:07:34.873Z] <<< [apiv2][body] POST https://iam.googleapis.com/v1/projects/minortask-1be8e/serviceAccounts [omitted]
[debug] [2025-08-06T01:07:34.874Z] Checked if tokens are valid: true, expires at: 1754445833022
[debug] [2025-08-06T01:07:34.874Z] Checked if tokens are valid: true, expires at: 1754445833022
[debug] [2025-08-06T01:07:34.874Z] >>> [apiv2][query] POST https://cloudresourcemanager.googleapis.com/v1/projects/minortask-1be8e:getIamPolicy [none]
[debug] [2025-08-06T01:07:35.261Z] <<< [apiv2][status] POST https://cloudresourcemanager.googleapis.com/v1/projects/minortask-1be8e:getIamPolicy 200
[debug] [2025-08-06T01:07:35.262Z] <<< [apiv2][body] POST https://cloudresourcemanager.googleapis.com/v1/projects/minortask-1be8e:getIamPolicy {"version":1,"etag":"BwY7p+x4RvA=","bindings":[{"role":"roles/cloudbuild.builds.builder","members":["serviceAccount:686055200775@cloudbuild.gserviceaccount.com"]},{"role":"roles/cloudbuild.serviceAgent","members":["serviceAccount:service-686055200775@gcp-sa-cloudbuild.iam.gserviceaccount.com"]},{"role":"roles/cloudfunctions.serviceAgent","members":["serviceAccount:service-686055200775@gcf-admin-robot.iam.gserviceaccount.com"]},{"role":"roles/containerregistry.ServiceAgent","members":["serviceAccount:service-686055200775@containerregistry.iam.gserviceaccount.com"]},{"role":"roles/developerconnect.readTokenAccessor","members":["serviceAccount:firebase-app-hosting-compute@minortask-1be8e.iam.gserviceaccount.com"]},{"role":"roles/developerconnect.serviceAgent","members":["serviceAccount:service-686055200775@gcp-sa-devconnect.iam.gserviceaccount.com"]},{"role":"roles/editor","members":["serviceAccount:686055200775-compute@developer.gserviceaccount.com","serviceAccount:minortask-1be8e@appspot.gserviceaccount.com"]},{"role":"roles/firebase.managementServiceAgent","members":["serviceAccount:service-686055200775@gcp-sa-firebase.iam.gserviceaccount.com"]},{"role":"roles/firebase.sdkAdminServiceAgent","members":["serviceAccount:firebase-adminsdk-fbsvc@minortask-1be8e.iam.gserviceaccount.com","serviceAccount:firebase-app-hosting-compute@minortask-1be8e.iam.gserviceaccount.com"]},{"role":"roles/firebaseapphosting.computeRunner","members":["serviceAccount:firebase-app-hosting-compute@minortask-1be8e.iam.gserviceaccount.com"]},{"role":"roles/firebaseapphosting.serviceAgent","members":["serviceAccount:service-686055200775@gcp-sa-firebaseapphosting.iam.gserviceaccount.com"]},{"role":"roles/iam.serviceAccountTokenCreator","members":["serviceAccount:firebase-adminsdk-fbsvc@minortask-1be8e.iam.gserviceaccount.com"]},{"role":"roles/owner","members":["user:kai.r.patel@gmail.com"]},{"role":"roles/run.serviceAgent","members":["serviceAccount:service-686055200775@serverless-robot-prod.iam.gserviceaccount.com"]},{"role":"roles/secretmanager.admin_withcond_4fa1389b0a55bbfe719e","members":["serviceAccount:service-686055200775@gcp-sa-devconnect.iam.gserviceaccount.com"]}]}
[debug] [2025-08-06T01:07:35.262Z] Checked if tokens are valid: true, expires at: 1754445833022
[debug] [2025-08-06T01:07:35.262Z] Checked if tokens are valid: true, expires at: 1754445833022
[debug] [2025-08-06T01:07:35.262Z] >>> [apiv2][query] POST https://cloudresourcemanager.googleapis.com/v1/projects/minortask-1be8e:setIamPolicy [none]
[debug] [2025-08-06T01:07:35.262Z] >>> [apiv2][body] POST https://cloudresourcemanager.googleapis.com/v1/projects/minortask-1be8e:setIamPolicy {"policy":{"version":1,"etag":"BwY7p+x4RvA=","bindings":[{"role":"roles/cloudbuild.builds.builder","members":["serviceAccount:686055200775@cloudbuild.gserviceaccount.com"]},{"role":"roles/cloudbuild.serviceAgent","members":["serviceAccount:service-686055200775@gcp-sa-cloudbuild.iam.gserviceaccount.com"]},{"role":"roles/cloudfunctions.serviceAgent","members":["serviceAccount:service-686055200775@gcf-admin-robot.iam.gserviceaccount.com"]},{"role":"roles/containerregistry.ServiceAgent","members":["serviceAccount:service-686055200775@containerregistry.iam.gserviceaccount.com"]},{"role":"roles/developerconnect.readTokenAccessor","members":["serviceAccount:firebase-app-hosting-compute@minortask-1be8e.iam.gserviceaccount.com"]},{"role":"roles/developerconnect.serviceAgent","members":["serviceAccount:service-686055200775@gcp-sa-devconnect.iam.gserviceaccount.com"]},{"role":"roles/editor","members":["serviceAccount:686055200775-compute@developer.gserviceaccount.com","serviceAccount:minortask-1be8e@appspot.gserviceaccount.com"]},{"role":"roles/firebase.managementServiceAgent","members":["serviceAccount:service-686055200775@gcp-sa-firebase.iam.gserviceaccount.com"]},{"role":"roles/firebase.sdkAdminServiceAgent","members":["serviceAccount:firebase-adminsdk-fbsvc@minortask-1be8e.iam.gserviceaccount.com","serviceAccount:firebase-app-hosting-compute@minortask-1be8e.iam.gserviceaccount.com"]},{"role":"roles/firebaseapphosting.computeRunner","members":["serviceAccount:firebase-app-hosting-compute@minortask-1be8e.iam.gserviceaccount.com"]},{"role":"roles/firebaseapphosting.serviceAgent","members":["serviceAccount:service-686055200775@gcp-sa-firebaseapphosting.iam.gserviceaccount.com"]},{"role":"roles/iam.serviceAccountTokenCreator","members":["serviceAccount:firebase-adminsdk-fbsvc@minortask-1be8e.iam.gserviceaccount.com"]},{"role":"roles/owner","members":["user:kai.r.patel@gmail.com"]},{"role":"roles/run.serviceAgent","members":["serviceAccount:service-686055200775@serverless-robot-prod.iam.gserviceaccount.com"]},{"role":"roles/secretmanager.admin_withcond_4fa1389b0a55bbfe719e","members":["serviceAccount:service-686055200775@gcp-sa-devconnect.iam.gserviceaccount.com"]},{"role":"roles/storage.objectViewer","members":["serviceAccount:firebase-app-hosting-compute@minortask-1be8e.iam.gserviceaccount.com"]}]},"updateMask":"bindings"}
[debug] [2025-08-06T01:07:35.821Z] <<< [apiv2][status] POST https://cloudresourcemanager.googleapis.com/v1/projects/minortask-1be8e:setIamPolicy 200
[debug] [2025-08-06T01:07:35.822Z] <<< [apiv2][body] POST https://cloudresourcemanager.googleapis.com/v1/projects/minortask-1be8e:setIamPolicy {"version":1,"etag":"BwY7p/LD9LM=","bindings":[{"role":"roles/cloudbuild.builds.builder","members":["serviceAccount:686055200775@cloudbuild.gserviceaccount.com"]},{"role":"roles/cloudbuild.serviceAgent","members":["serviceAccount:service-686055200775@gcp-sa-cloudbuild.iam.gserviceaccount.com"]},{"role":"roles/cloudfunctions.serviceAgent","members":["serviceAccount:service-686055200775@gcf-admin-robot.iam.gserviceaccount.com"]},{"role":"roles/containerregistry.ServiceAgent","members":["serviceAccount:service-686055200775@containerregistry.iam.gserviceaccount.com"]},{"role":"roles/developerconnect.readTokenAccessor","members":["serviceAccount:firebase-app-hosting-compute@minortask-1be8e.iam.gserviceaccount.com"]},{"role":"roles/developerconnect.serviceAgent","members":["serviceAccount:service-686055200775@gcp-sa-devconnect.iam.gserviceaccount.com"]},{"role":"roles/editor","members":["serviceAccount:686055200775-compute@developer.gserviceaccount.com","serviceAccount:minortask-1be8e@appspot.gserviceaccount.com"]},{"role":"roles/firebase.managementServiceAgent","members":["serviceAccount:service-686055200775@gcp-sa-firebase.iam.gserviceaccount.com"]},{"role":"roles/firebase.sdkAdminServiceAgent","members":["serviceAccount:firebase-adminsdk-fbsvc@minortask-1be8e.iam.gserviceaccount.com","serviceAccount:firebase-app-hosting-compute@minortask-1be8e.iam.gserviceaccount.com"]},{"role":"roles/firebaseapphosting.computeRunner","members":["serviceAccount:firebase-app-hosting-compute@minortask-1be8e.iam.gserviceaccount.com"]},{"role":"roles/firebaseapphosting.serviceAgent","members":["serviceAccount:service-686055200775@gcp-sa-firebaseapphosting.iam.gserviceaccount.com"]},{"role":"roles/iam.serviceAccountTokenCreator","members":["serviceAccount:firebase-adminsdk-fbsvc@minortask-1be8e.iam.gserviceaccount.com"]},{"role":"roles/owner","members":["user:kai.r.patel@gmail.com"]},{"role":"roles/run.serviceAgent","members":["serviceAccount:service-686055200775@serverless-robot-prod.iam.gserviceaccount.com"]},{"role":"roles/secretmanager.admin_withcond_4fa1389b0a55bbfe719e","members":["serviceAccount:service-686055200775@gcp-sa-devconnect.iam.gserviceaccount.com"]},{"role":"roles/storage.objectViewer","members":["serviceAccount:firebase-app-hosting-compute@minortask-1be8e.iam.gserviceaccount.com"]}]}
[info] i  This command links your local project to Firebase App Hosting. You will be able to deploy your web app with `firebase deploy` after setup. 
[debug] [2025-08-06T01:08:29.039Z] Checked if tokens are valid: true, expires at: 1754445833022
[debug] [2025-08-06T01:08:29.039Z] Checked if tokens are valid: true, expires at: 1754445833022
[debug] [2025-08-06T01:08:29.039Z] >>> [apiv2][query] GET https://firebaseapphosting.googleapis.com/v1beta/projects/minortask-1be8e/locations/-/backends 
[debug] [2025-08-06T01:08:29.517Z] <<< [apiv2][status] GET https://firebaseapphosting.googleapis.com/v1beta/projects/minortask-1be8e/locations/-/backends 200
[debug] [2025-08-06T01:08:29.517Z] <<< [apiv2][body] GET https://firebaseapphosting.googleapis.com/v1beta/projects/minortask-1be8e/locations/-/backends {}
